<?xml version="1.0" encoding="UTF-8"?>
<testng-results ignored="18" total="30" passed="6" failed="6" skipped="0">
  <reporter-output>
    <line>
      <![CDATA[Books page displayed]]>
    </line>
    <line>
      <![CDATA[Test Script failed]]>
    </line>
    <line>
      <![CDATA[Electronics page displayed]]>
    </line>
    <line>
      <![CDATA[Test Script failed]]>
    </line>
    <line>
      <![CDATA[Books page displayed]]>
    </line>
    <line>
      <![CDATA[Test Script failed]]>
    </line>
    <line>
      <![CDATA[Electronics page displayed]]>
    </line>
    <line>
      <![CDATA[Test Script failed]]>
    </line>
    <line>
      <![CDATA[Books page displayed]]>
    </line>
    <line>
      <![CDATA[Test Script failed]]>
    </line>
    <line>
      <![CDATA[Electronics page displayed]]>
    </line>
    <line>
      <![CDATA[Test Script failed]]>
    </line>
  </reporter-output>
  <suite started-at="2024-10-29T13:38:33 IST" name="Suite" finished-at="2024-10-29T13:41:08 IST" duration-ms="155791">
    <groups>
    </groups>
    <test started-at="2024-10-29T13:38:33 IST" name="Test1" finished-at="2024-10-29T13:39:16 IST" duration-ms="43054">
      <class name="testNGslisteners.Assignments.DemoWebShop.TestScript3">
        <test-method is-config="true" signature="launchBrowser(java.lang.String)[pri:0, instance:testNGslisteners.Assignments.DemoWebShop.TestScript3@323b36e0]" started-at="2024-10-29T13:38:55 IST" name="launchBrowser" finished-at="2024-10-29T13:38:59 IST" duration-ms="4164" status="PASS">
          <params>
            <param index="0">
              <value>
                <![CDATA[chrome]]>
              </value>
            </param>
          </params>
          <reporter-output>
          </reporter-output>
        </test-method> <!-- launchBrowser -->
        <test-method is-config="true" signature="login()[pri:0, instance:testNGslisteners.Assignments.DemoWebShop.TestScript3@323b36e0]" started-at="2024-10-29T13:38:59 IST" name="login" finished-at="2024-10-29T13:39:02 IST" duration-ms="3399" status="PASS">
          <reporter-output>
          </reporter-output>
        </test-method> <!-- login -->
        <test-method signature="clickOnElectronicsLink()[pri:0, instance:testNGslisteners.Assignments.DemoWebShop.TestScript3@323b36e0]" started-at="2024-10-29T13:39:02 IST" name="clickOnElectronicsLink" description="verify user is able to click on electronics link" finished-at="2024-10-29T13:39:03 IST" duration-ms="936" status="PASS">
          <reporter-output>
            <line>
              <![CDATA[Electronics page displayed]]>
            </line>
          </reporter-output>
        </test-method> <!-- clickOnElectronicsLink -->
        <test-method is-config="true" signature="logout()[pri:0, instance:testNGslisteners.Assignments.DemoWebShop.TestScript3@323b36e0]" started-at="2024-10-29T13:39:03 IST" name="logout" finished-at="2024-10-29T13:39:05 IST" duration-ms="1726" status="PASS">
          <reporter-output>
          </reporter-output>
        </test-method> <!-- logout -->
        <test-method is-config="true" signature="closeDriver()[pri:0, instance:testNGslisteners.Assignments.DemoWebShop.TestScript3@323b36e0]" started-at="2024-10-29T13:39:05 IST" name="closeDriver" finished-at="2024-10-29T13:39:05 IST" duration-ms="268" status="PASS">
          <reporter-output>
          </reporter-output>
        </test-method> <!-- closeDriver -->
      </class> <!-- testNGslisteners.Assignments.DemoWebShop.TestScript3 -->
      <class name="testNGslisteners.Assignments.DemoWebShop.TestScript4">
        <test-method is-config="true" signature="launchBrowser(java.lang.String)[pri:0, instance:testNGslisteners.Assignments.DemoWebShop.TestScript4@44ebcd03]" started-at="2024-10-29T13:39:05 IST" name="launchBrowser" finished-at="2024-10-29T13:39:10 IST" duration-ms="5067" status="PASS">
          <params>
            <param index="0">
              <value>
                <![CDATA[chrome]]>
              </value>
            </param>
          </params>
          <reporter-output>
          </reporter-output>
        </test-method> <!-- launchBrowser -->
        <test-method is-config="true" signature="login()[pri:0, instance:testNGslisteners.Assignments.DemoWebShop.TestScript4@44ebcd03]" started-at="2024-10-29T13:39:10 IST" name="login" finished-at="2024-10-29T13:39:13 IST" duration-ms="2739" status="PASS">
          <reporter-output>
          </reporter-output>
        </test-method> <!-- login -->
        <test-method signature="clickOnElectronicsLink()[pri:0, instance:testNGslisteners.Assignments.DemoWebShop.TestScript4@44ebcd03]" started-at="2024-10-29T13:39:13 IST" name="clickOnElectronicsLink" description="verify user is able to click on electronics link" finished-at="2024-10-29T13:39:14 IST" duration-ms="846" status="FAIL">
          <exception class="java.lang.AssertionError">
            <message>
              <![CDATA[Gift Cards page not displayed expected [https://demowebshop.tricentis.com/gift-card] but found [https://demowebshop.tricentis.com/gift-cards]]]>
            </message>
            <full-stacktrace>
              <![CDATA[java.lang.AssertionError: Gift Cards page not displayed expected [https://demowebshop.tricentis.com/gift-card] but found [https://demowebshop.tricentis.com/gift-cards]
at org.testng.Assert.fail(Assert.java:99)
at org.testng.Assert.failNotEquals(Assert.java:1037)
at org.testng.Assert.assertEqualsImpl(Assert.java:140)
at org.testng.Assert.assertEquals(Assert.java:122)
at org.testng.Assert.assertEquals(Assert.java:629)
at testNGslisteners.Assignments.DemoWebShop.TestScript4.clickOnElectronicsLink(TestScript4.java:21)
at java.base/jdk.internal.reflect.DirectMethodHandleAccessor.invoke(DirectMethodHandleAccessor.java:103)
at java.base/java.lang.reflect.Method.invoke(Method.java:580)
at org.testng.internal.MethodInvocationHelper.invokeMethod(MethodInvocationHelper.java:133)
at org.testng.internal.TestInvoker.invokeMethod(TestInvoker.java:598)
at org.testng.internal.TestInvoker.invokeTestMethod(TestInvoker.java:173)
at org.testng.internal.MethodRunner.runInSequence(MethodRunner.java:46)
at org.testng.internal.TestInvoker$MethodInvocationAgent.invoke(TestInvoker.java:824)
at org.testng.internal.TestInvoker.invokeTestMethods(TestInvoker.java:146)
at org.testng.internal.TestMethodWorker.invokeTestMethods(TestMethodWorker.java:146)
at org.testng.internal.TestMethodWorker.run(TestMethodWorker.java:128)
at java.base/java.util.ArrayList.forEach(ArrayList.java:1597)
at org.testng.TestRunner.privateRun(TestRunner.java:794)
at org.testng.TestRunner.run(TestRunner.java:596)
at org.testng.SuiteRunner.runTest(SuiteRunner.java:377)
at org.testng.SuiteRunner.runSequentially(SuiteRunner.java:371)
at org.testng.SuiteRunner.privateRun(SuiteRunner.java:332)
at org.testng.SuiteRunner.run(SuiteRunner.java:276)
at org.testng.SuiteRunnerWorker.runSuite(SuiteRunnerWorker.java:53)
at org.testng.SuiteRunnerWorker.run(SuiteRunnerWorker.java:96)
at org.testng.TestNG.runSuitesSequentially(TestNG.java:1212)
at org.testng.TestNG.runSuitesLocally(TestNG.java:1134)
at org.testng.TestNG.runSuites(TestNG.java:1063)
at org.testng.TestNG.run(TestNG.java:1031)
at org.testng.remote.AbstractRemoteTestNG.run(AbstractRemoteTestNG.java:115)
at org.testng.remote.RemoteTestNG.initAndRun(RemoteTestNG.java:293)
at org.testng.remote.RemoteTestNG.main(RemoteTestNG.java:91)
]]>
            </full-stacktrace>
          </exception> <!-- java.lang.AssertionError -->
          <reporter-output>
            <line>
              <![CDATA[Test Script failed]]>
            </line>
          </reporter-output>
        </test-method> <!-- clickOnElectronicsLink -->
        <test-method is-config="true" signature="logout()[pri:0, instance:testNGslisteners.Assignments.DemoWebShop.TestScript4@44ebcd03]" started-at="2024-10-29T13:39:14 IST" name="logout" finished-at="2024-10-29T13:39:15 IST" duration-ms="1305" status="PASS">
          <reporter-output>
          </reporter-output>
        </test-method> <!-- logout -->
        <test-method is-config="true" signature="closeDriver()[pri:0, instance:testNGslisteners.Assignments.DemoWebShop.TestScript4@44ebcd03]" started-at="2024-10-29T13:39:15 IST" name="closeDriver" finished-at="2024-10-29T13:39:16 IST" duration-ms="194" status="PASS">
          <reporter-output>
          </reporter-output>
        </test-method> <!-- closeDriver -->
      </class> <!-- testNGslisteners.Assignments.DemoWebShop.TestScript4 -->
      <class name="testNGslisteners.Assignments.DemoWebShop.TestScript1">
        <test-method is-config="true" signature="fetchData()[pri:0, instance:testNGslisteners.Assignments.DemoWebShop.TestScript1@71809907]" started-at="2024-10-29T13:38:33 IST" name="fetchData" finished-at="2024-10-29T13:38:34 IST" duration-ms="1073" status="PASS">
          <reporter-output>
          </reporter-output>
        </test-method> <!-- fetchData -->
        <test-method is-config="true" signature="launchBrowser(java.lang.String)[pri:0, instance:testNGslisteners.Assignments.DemoWebShop.TestScript1@71809907]" started-at="2024-10-29T13:38:34 IST" name="launchBrowser" finished-at="2024-10-29T13:38:39 IST" duration-ms="5287" status="PASS">
          <params>
            <param index="0">
              <value>
                <![CDATA[chrome]]>
              </value>
            </param>
          </params>
          <reporter-output>
          </reporter-output>
        </test-method> <!-- launchBrowser -->
        <test-method is-config="true" signature="login()[pri:0, instance:testNGslisteners.Assignments.DemoWebShop.TestScript1@71809907]" started-at="2024-10-29T13:38:39 IST" name="login" finished-at="2024-10-29T13:38:42 IST" duration-ms="3181" status="PASS">
          <reporter-output>
          </reporter-output>
        </test-method> <!-- login -->
        <test-method signature="clickOnBooks()[pri:0, instance:testNGslisteners.Assignments.DemoWebShop.TestScript1@71809907]" started-at="2024-10-29T13:38:42 IST" name="clickOnBooks" description="verify user is able to click on books link" finished-at="2024-10-29T13:38:43 IST" duration-ms="1156" status="PASS">
          <reporter-output>
            <line>
              <![CDATA[Books page displayed]]>
            </line>
          </reporter-output>
        </test-method> <!-- clickOnBooks -->
        <test-method is-config="true" signature="logout()[pri:0, instance:testNGslisteners.Assignments.DemoWebShop.TestScript1@71809907]" started-at="2024-10-29T13:38:43 IST" name="logout" finished-at="2024-10-29T13:38:44 IST" duration-ms="891" status="PASS">
          <reporter-output>
          </reporter-output>
        </test-method> <!-- logout -->
        <test-method is-config="true" signature="closeDriver()[pri:0, instance:testNGslisteners.Assignments.DemoWebShop.TestScript1@71809907]" started-at="2024-10-29T13:38:44 IST" name="closeDriver" finished-at="2024-10-29T13:38:45 IST" duration-ms="355" status="PASS">
          <reporter-output>
          </reporter-output>
        </test-method> <!-- closeDriver -->
        <test-method is-config="true" signature="closeObject()[pri:0, instance:testNGslisteners.Assignments.DemoWebShop.TestScript1@71809907]" started-at="2024-10-29T13:39:16 IST" name="closeObject" finished-at="2024-10-29T13:39:16 IST" duration-ms="0" status="PASS">
          <reporter-output>
          </reporter-output>
        </test-method> <!-- closeObject -->
      </class> <!-- testNGslisteners.Assignments.DemoWebShop.TestScript1 -->
      <class name="testNGslisteners.Assignments.DemoWebShop.TestScript2">
        <test-method is-config="true" signature="launchBrowser(java.lang.String)[pri:0, instance:testNGslisteners.Assignments.DemoWebShop.TestScript2@5af3afd9]" started-at="2024-10-29T13:38:45 IST" name="launchBrowser" finished-at="2024-10-29T13:38:49 IST" duration-ms="4391" status="PASS">
          <params>
            <param index="0">
              <value>
                <![CDATA[chrome]]>
              </value>
            </param>
          </params>
          <reporter-output>
          </reporter-output>
        </test-method> <!-- launchBrowser -->
        <test-method is-config="true" signature="login()[pri:0, instance:testNGslisteners.Assignments.DemoWebShop.TestScript2@5af3afd9]" started-at="2024-10-29T13:38:49 IST" name="login" finished-at="2024-10-29T13:38:53 IST" duration-ms="3633" status="PASS">
          <reporter-output>
          </reporter-output>
        </test-method> <!-- login -->
        <test-method signature="clickOnComputersLink()[pri:0, instance:testNGslisteners.Assignments.DemoWebShop.TestScript2@5af3afd9]" started-at="2024-10-29T13:38:53 IST" name="clickOnComputersLink" description="verify user is able to click on computers link" finished-at="2024-10-29T13:38:54 IST" duration-ms="862" status="FAIL">
          <exception class="java.lang.AssertionError">
            <message>
              <![CDATA[Computers page not displayed expected [https://demowebshop.tricentis.com/computer] but found [https://demowebshop.tricentis.com/computers]]]>
            </message>
            <full-stacktrace>
              <![CDATA[java.lang.AssertionError: Computers page not displayed expected [https://demowebshop.tricentis.com/computer] but found [https://demowebshop.tricentis.com/computers]
at org.testng.Assert.fail(Assert.java:99)
at org.testng.Assert.failNotEquals(Assert.java:1037)
at org.testng.Assert.assertEqualsImpl(Assert.java:140)
at org.testng.Assert.assertEquals(Assert.java:122)
at org.testng.Assert.assertEquals(Assert.java:629)
at testNGslisteners.Assignments.DemoWebShop.TestScript2.clickOnComputersLink(TestScript2.java:21)
at java.base/jdk.internal.reflect.DirectMethodHandleAccessor.invoke(DirectMethodHandleAccessor.java:103)
at java.base/java.lang.reflect.Method.invoke(Method.java:580)
at org.testng.internal.MethodInvocationHelper.invokeMethod(MethodInvocationHelper.java:133)
at org.testng.internal.TestInvoker.invokeMethod(TestInvoker.java:598)
at org.testng.internal.TestInvoker.invokeTestMethod(TestInvoker.java:173)
at org.testng.internal.MethodRunner.runInSequence(MethodRunner.java:46)
at org.testng.internal.TestInvoker$MethodInvocationAgent.invoke(TestInvoker.java:824)
at org.testng.internal.TestInvoker.invokeTestMethods(TestInvoker.java:146)
at org.testng.internal.TestMethodWorker.invokeTestMethods(TestMethodWorker.java:146)
at org.testng.internal.TestMethodWorker.run(TestMethodWorker.java:128)
at java.base/java.util.ArrayList.forEach(ArrayList.java:1597)
at org.testng.TestRunner.privateRun(TestRunner.java:794)
at org.testng.TestRunner.run(TestRunner.java:596)
at org.testng.SuiteRunner.runTest(SuiteRunner.java:377)
at org.testng.SuiteRunner.runSequentially(SuiteRunner.java:371)
at org.testng.SuiteRunner.privateRun(SuiteRunner.java:332)
at org.testng.SuiteRunner.run(SuiteRunner.java:276)
at org.testng.SuiteRunnerWorker.runSuite(SuiteRunnerWorker.java:53)
at org.testng.SuiteRunnerWorker.run(SuiteRunnerWorker.java:96)
at org.testng.TestNG.runSuitesSequentially(TestNG.java:1212)
at org.testng.TestNG.runSuitesLocally(TestNG.java:1134)
at org.testng.TestNG.runSuites(TestNG.java:1063)
at org.testng.TestNG.run(TestNG.java:1031)
at org.testng.remote.AbstractRemoteTestNG.run(AbstractRemoteTestNG.java:115)
at org.testng.remote.RemoteTestNG.initAndRun(RemoteTestNG.java:293)
at org.testng.remote.RemoteTestNG.main(RemoteTestNG.java:91)
]]>
            </full-stacktrace>
          </exception> <!-- java.lang.AssertionError -->
          <reporter-output>
            <line>
              <![CDATA[Test Script failed]]>
            </line>
          </reporter-output>
        </test-method> <!-- clickOnComputersLink -->
        <test-method is-config="true" signature="logout()[pri:0, instance:testNGslisteners.Assignments.DemoWebShop.TestScript2@5af3afd9]" started-at="2024-10-29T13:38:54 IST" name="logout" finished-at="2024-10-29T13:38:55 IST" duration-ms="902" status="PASS">
          <reporter-output>
          </reporter-output>
        </test-method> <!-- logout -->
        <test-method is-config="true" signature="closeDriver()[pri:0, instance:testNGslisteners.Assignments.DemoWebShop.TestScript2@5af3afd9]" started-at="2024-10-29T13:38:55 IST" name="closeDriver" finished-at="2024-10-29T13:38:55 IST" duration-ms="235" status="PASS">
          <reporter-output>
          </reporter-output>
        </test-method> <!-- closeDriver -->
      </class> <!-- testNGslisteners.Assignments.DemoWebShop.TestScript2 -->
    </test> <!-- Test1 -->
    <test started-at="2024-10-29T13:39:16 IST" name="Test2" finished-at="2024-10-29T13:40:06 IST" duration-ms="49943">
      <class name="testNGslisteners.Assignments.DemoWebShop.TestScript3">
        <test-method is-config="true" signature="launchBrowser(java.lang.String)[pri:0, instance:testNGslisteners.Assignments.DemoWebShop.TestScript3@5c33f1a9]" started-at="2024-10-29T13:39:43 IST" name="launchBrowser" finished-at="2024-10-29T13:39:49 IST" duration-ms="5913" status="PASS">
          <params>
            <param index="0">
              <value>
                <![CDATA[edge]]>
              </value>
            </param>
          </params>
          <reporter-output>
          </reporter-output>
        </test-method> <!-- launchBrowser -->
        <test-method is-config="true" signature="login()[pri:0, instance:testNGslisteners.Assignments.DemoWebShop.TestScript3@5c33f1a9]" started-at="2024-10-29T13:39:49 IST" name="login" finished-at="2024-10-29T13:39:52 IST" duration-ms="2910" status="PASS">
          <reporter-output>
          </reporter-output>
        </test-method> <!-- login -->
        <test-method signature="clickOnElectronicsLink()[pri:0, instance:testNGslisteners.Assignments.DemoWebShop.TestScript3@5c33f1a9]" started-at="2024-10-29T13:39:52 IST" name="clickOnElectronicsLink" description="verify user is able to click on electronics link" finished-at="2024-10-29T13:39:52 IST" duration-ms="783" status="PASS">
          <reporter-output>
            <line>
              <![CDATA[Electronics page displayed]]>
            </line>
          </reporter-output>
        </test-method> <!-- clickOnElectronicsLink -->
        <test-method is-config="true" signature="logout()[pri:0, instance:testNGslisteners.Assignments.DemoWebShop.TestScript3@5c33f1a9]" started-at="2024-10-29T13:39:52 IST" name="logout" finished-at="2024-10-29T13:39:53 IST" duration-ms="898" status="PASS">
          <reporter-output>
          </reporter-output>
        </test-method> <!-- logout -->
        <test-method is-config="true" signature="closeDriver()[pri:0, instance:testNGslisteners.Assignments.DemoWebShop.TestScript3@5c33f1a9]" started-at="2024-10-29T13:39:53 IST" name="closeDriver" finished-at="2024-10-29T13:39:54 IST" duration-ms="286" status="PASS">
          <reporter-output>
          </reporter-output>
        </test-method> <!-- closeDriver -->
      </class> <!-- testNGslisteners.Assignments.DemoWebShop.TestScript3 -->
      <class name="testNGslisteners.Assignments.DemoWebShop.TestScript4">
        <test-method is-config="true" signature="launchBrowser(java.lang.String)[pri:0, instance:testNGslisteners.Assignments.DemoWebShop.TestScript4@1623b78d]" started-at="2024-10-29T13:39:54 IST" name="launchBrowser" finished-at="2024-10-29T13:40:00 IST" duration-ms="6176" status="PASS">
          <params>
            <param index="0">
              <value>
                <![CDATA[edge]]>
              </value>
            </param>
          </params>
          <reporter-output>
          </reporter-output>
        </test-method> <!-- launchBrowser -->
        <test-method is-config="true" signature="login()[pri:0, instance:testNGslisteners.Assignments.DemoWebShop.TestScript4@1623b78d]" started-at="2024-10-29T13:40:00 IST" name="login" finished-at="2024-10-29T13:40:03 IST" duration-ms="3587" status="PASS">
          <reporter-output>
          </reporter-output>
        </test-method> <!-- login -->
        <test-method signature="clickOnElectronicsLink()[pri:0, instance:testNGslisteners.Assignments.DemoWebShop.TestScript4@1623b78d]" started-at="2024-10-29T13:40:03 IST" name="clickOnElectronicsLink" description="verify user is able to click on electronics link" finished-at="2024-10-29T13:40:04 IST" duration-ms="964" status="FAIL">
          <exception class="java.lang.AssertionError">
            <message>
              <![CDATA[Gift Cards page not displayed expected [https://demowebshop.tricentis.com/gift-card] but found [https://demowebshop.tricentis.com/gift-cards]]]>
            </message>
            <full-stacktrace>
              <![CDATA[java.lang.AssertionError: Gift Cards page not displayed expected [https://demowebshop.tricentis.com/gift-card] but found [https://demowebshop.tricentis.com/gift-cards]
at org.testng.Assert.fail(Assert.java:99)
at org.testng.Assert.failNotEquals(Assert.java:1037)
at org.testng.Assert.assertEqualsImpl(Assert.java:140)
at org.testng.Assert.assertEquals(Assert.java:122)
at org.testng.Assert.assertEquals(Assert.java:629)
at testNGslisteners.Assignments.DemoWebShop.TestScript4.clickOnElectronicsLink(TestScript4.java:21)
at java.base/jdk.internal.reflect.DirectMethodHandleAccessor.invoke(DirectMethodHandleAccessor.java:103)
at java.base/java.lang.reflect.Method.invoke(Method.java:580)
at org.testng.internal.MethodInvocationHelper.invokeMethod(MethodInvocationHelper.java:133)
at org.testng.internal.TestInvoker.invokeMethod(TestInvoker.java:598)
at org.testng.internal.TestInvoker.invokeTestMethod(TestInvoker.java:173)
at org.testng.internal.MethodRunner.runInSequence(MethodRunner.java:46)
at org.testng.internal.TestInvoker$MethodInvocationAgent.invoke(TestInvoker.java:824)
at org.testng.internal.TestInvoker.invokeTestMethods(TestInvoker.java:146)
at org.testng.internal.TestMethodWorker.invokeTestMethods(TestMethodWorker.java:146)
at org.testng.internal.TestMethodWorker.run(TestMethodWorker.java:128)
at java.base/java.util.ArrayList.forEach(ArrayList.java:1597)
at org.testng.TestRunner.privateRun(TestRunner.java:794)
at org.testng.TestRunner.run(TestRunner.java:596)
at org.testng.SuiteRunner.runTest(SuiteRunner.java:377)
at org.testng.SuiteRunner.runSequentially(SuiteRunner.java:371)
at org.testng.SuiteRunner.privateRun(SuiteRunner.java:332)
at org.testng.SuiteRunner.run(SuiteRunner.java:276)
at org.testng.SuiteRunnerWorker.runSuite(SuiteRunnerWorker.java:53)
at org.testng.SuiteRunnerWorker.run(SuiteRunnerWorker.java:96)
at org.testng.TestNG.runSuitesSequentially(TestNG.java:1212)
at org.testng.TestNG.runSuitesLocally(TestNG.java:1134)
at org.testng.TestNG.runSuites(TestNG.java:1063)
at org.testng.TestNG.run(TestNG.java:1031)
at org.testng.remote.AbstractRemoteTestNG.run(AbstractRemoteTestNG.java:115)
at org.testng.remote.RemoteTestNG.initAndRun(RemoteTestNG.java:293)
at org.testng.remote.RemoteTestNG.main(RemoteTestNG.java:91)
]]>
            </full-stacktrace>
          </exception> <!-- java.lang.AssertionError -->
          <reporter-output>
            <line>
              <![CDATA[Test Script failed]]>
            </line>
          </reporter-output>
        </test-method> <!-- clickOnElectronicsLink -->
        <test-method is-config="true" signature="logout()[pri:0, instance:testNGslisteners.Assignments.DemoWebShop.TestScript4@1623b78d]" started-at="2024-10-29T13:40:05 IST" name="logout" finished-at="2024-10-29T13:40:05 IST" duration-ms="923" status="PASS">
          <reporter-output>
          </reporter-output>
        </test-method> <!-- logout -->
        <test-method is-config="true" signature="closeDriver()[pri:0, instance:testNGslisteners.Assignments.DemoWebShop.TestScript4@1623b78d]" started-at="2024-10-29T13:40:05 IST" name="closeDriver" finished-at="2024-10-29T13:40:06 IST" duration-ms="221" status="PASS">
          <reporter-output>
          </reporter-output>
        </test-method> <!-- closeDriver -->
      </class> <!-- testNGslisteners.Assignments.DemoWebShop.TestScript4 -->
      <class name="testNGslisteners.Assignments.DemoWebShop.TestScript1">
        <test-method is-config="true" signature="fetchData()[pri:0, instance:testNGslisteners.Assignments.DemoWebShop.TestScript1@2b662a77]" started-at="2024-10-29T13:39:16 IST" name="fetchData" finished-at="2024-10-29T13:39:16 IST" duration-ms="52" status="PASS">
          <reporter-output>
          </reporter-output>
        </test-method> <!-- fetchData -->
        <test-method is-config="true" signature="launchBrowser(java.lang.String)[pri:0, instance:testNGslisteners.Assignments.DemoWebShop.TestScript1@2b662a77]" started-at="2024-10-29T13:39:16 IST" name="launchBrowser" finished-at="2024-10-29T13:39:23 IST" duration-ms="6801" status="PASS">
          <params>
            <param index="0">
              <value>
                <![CDATA[edge]]>
              </value>
            </param>
          </params>
          <reporter-output>
          </reporter-output>
        </test-method> <!-- launchBrowser -->
        <test-method is-config="true" signature="login()[pri:0, instance:testNGslisteners.Assignments.DemoWebShop.TestScript1@2b662a77]" started-at="2024-10-29T13:39:23 IST" name="login" finished-at="2024-10-29T13:39:26 IST" duration-ms="3883" status="PASS">
          <reporter-output>
          </reporter-output>
        </test-method> <!-- login -->
        <test-method signature="clickOnBooks()[pri:0, instance:testNGslisteners.Assignments.DemoWebShop.TestScript1@2b662a77]" started-at="2024-10-29T13:39:26 IST" name="clickOnBooks" description="verify user is able to click on books link" finished-at="2024-10-29T13:39:28 IST" duration-ms="1113" status="PASS">
          <reporter-output>
            <line>
              <![CDATA[Books page displayed]]>
            </line>
          </reporter-output>
        </test-method> <!-- clickOnBooks -->
        <test-method is-config="true" signature="logout()[pri:0, instance:testNGslisteners.Assignments.DemoWebShop.TestScript1@2b662a77]" started-at="2024-10-29T13:39:28 IST" name="logout" finished-at="2024-10-29T13:39:29 IST" duration-ms="1070" status="PASS">
          <reporter-output>
          </reporter-output>
        </test-method> <!-- logout -->
        <test-method is-config="true" signature="closeDriver()[pri:0, instance:testNGslisteners.Assignments.DemoWebShop.TestScript1@2b662a77]" started-at="2024-10-29T13:39:29 IST" name="closeDriver" finished-at="2024-10-29T13:39:29 IST" duration-ms="167" status="PASS">
          <reporter-output>
          </reporter-output>
        </test-method> <!-- closeDriver -->
        <test-method is-config="true" signature="closeObject()[pri:0, instance:testNGslisteners.Assignments.DemoWebShop.TestScript1@2b662a77]" started-at="2024-10-29T13:40:06 IST" name="closeObject" finished-at="2024-10-29T13:40:06 IST" duration-ms="1" status="PASS">
          <reporter-output>
          </reporter-output>
        </test-method> <!-- closeObject -->
      </class> <!-- testNGslisteners.Assignments.DemoWebShop.TestScript1 -->
      <class name="testNGslisteners.Assignments.DemoWebShop.TestScript2">
        <test-method is-config="true" signature="launchBrowser(java.lang.String)[pri:0, instance:testNGslisteners.Assignments.DemoWebShop.TestScript2@7f0eb4b4]" started-at="2024-10-29T13:39:29 IST" name="launchBrowser" finished-at="2024-10-29T13:39:35 IST" duration-ms="6632" status="PASS">
          <params>
            <param index="0">
              <value>
                <![CDATA[edge]]>
              </value>
            </param>
          </params>
          <reporter-output>
          </reporter-output>
        </test-method> <!-- launchBrowser -->
        <test-method is-config="true" signature="login()[pri:0, instance:testNGslisteners.Assignments.DemoWebShop.TestScript2@7f0eb4b4]" started-at="2024-10-29T13:39:35 IST" name="login" finished-at="2024-10-29T13:39:40 IST" duration-ms="4249" status="PASS">
          <reporter-output>
          </reporter-output>
        </test-method> <!-- login -->
        <test-method signature="clickOnComputersLink()[pri:0, instance:testNGslisteners.Assignments.DemoWebShop.TestScript2@7f0eb4b4]" started-at="2024-10-29T13:39:40 IST" name="clickOnComputersLink" description="verify user is able to click on computers link" finished-at="2024-10-29T13:39:41 IST" duration-ms="1386" status="FAIL">
          <exception class="java.lang.AssertionError">
            <message>
              <![CDATA[Computers page not displayed expected [https://demowebshop.tricentis.com/computer] but found [https://demowebshop.tricentis.com/computers]]]>
            </message>
            <full-stacktrace>
              <![CDATA[java.lang.AssertionError: Computers page not displayed expected [https://demowebshop.tricentis.com/computer] but found [https://demowebshop.tricentis.com/computers]
at org.testng.Assert.fail(Assert.java:99)
at org.testng.Assert.failNotEquals(Assert.java:1037)
at org.testng.Assert.assertEqualsImpl(Assert.java:140)
at org.testng.Assert.assertEquals(Assert.java:122)
at org.testng.Assert.assertEquals(Assert.java:629)
at testNGslisteners.Assignments.DemoWebShop.TestScript2.clickOnComputersLink(TestScript2.java:21)
at java.base/jdk.internal.reflect.DirectMethodHandleAccessor.invoke(DirectMethodHandleAccessor.java:103)
at java.base/java.lang.reflect.Method.invoke(Method.java:580)
at org.testng.internal.MethodInvocationHelper.invokeMethod(MethodInvocationHelper.java:133)
at org.testng.internal.TestInvoker.invokeMethod(TestInvoker.java:598)
at org.testng.internal.TestInvoker.invokeTestMethod(TestInvoker.java:173)
at org.testng.internal.MethodRunner.runInSequence(MethodRunner.java:46)
at org.testng.internal.TestInvoker$MethodInvocationAgent.invoke(TestInvoker.java:824)
at org.testng.internal.TestInvoker.invokeTestMethods(TestInvoker.java:146)
at org.testng.internal.TestMethodWorker.invokeTestMethods(TestMethodWorker.java:146)
at org.testng.internal.TestMethodWorker.run(TestMethodWorker.java:128)
at java.base/java.util.ArrayList.forEach(ArrayList.java:1597)
at org.testng.TestRunner.privateRun(TestRunner.java:794)
at org.testng.TestRunner.run(TestRunner.java:596)
at org.testng.SuiteRunner.runTest(SuiteRunner.java:377)
at org.testng.SuiteRunner.runSequentially(SuiteRunner.java:371)
at org.testng.SuiteRunner.privateRun(SuiteRunner.java:332)
at org.testng.SuiteRunner.run(SuiteRunner.java:276)
at org.testng.SuiteRunnerWorker.runSuite(SuiteRunnerWorker.java:53)
at org.testng.SuiteRunnerWorker.run(SuiteRunnerWorker.java:96)
at org.testng.TestNG.runSuitesSequentially(TestNG.java:1212)
at org.testng.TestNG.runSuitesLocally(TestNG.java:1134)
at org.testng.TestNG.runSuites(TestNG.java:1063)
at org.testng.TestNG.run(TestNG.java:1031)
at org.testng.remote.AbstractRemoteTestNG.run(AbstractRemoteTestNG.java:115)
at org.testng.remote.RemoteTestNG.initAndRun(RemoteTestNG.java:293)
at org.testng.remote.RemoteTestNG.main(RemoteTestNG.java:91)
]]>
            </full-stacktrace>
          </exception> <!-- java.lang.AssertionError -->
          <reporter-output>
            <line>
              <![CDATA[Test Script failed]]>
            </line>
          </reporter-output>
        </test-method> <!-- clickOnComputersLink -->
        <test-method is-config="true" signature="logout()[pri:0, instance:testNGslisteners.Assignments.DemoWebShop.TestScript2@7f0eb4b4]" started-at="2024-10-29T13:39:41 IST" name="logout" finished-at="2024-10-29T13:39:43 IST" duration-ms="1074" status="PASS">
          <reporter-output>
          </reporter-output>
        </test-method> <!-- logout -->
        <test-method is-config="true" signature="closeDriver()[pri:0, instance:testNGslisteners.Assignments.DemoWebShop.TestScript2@7f0eb4b4]" started-at="2024-10-29T13:39:43 IST" name="closeDriver" finished-at="2024-10-29T13:39:43 IST" duration-ms="231" status="PASS">
          <reporter-output>
          </reporter-output>
        </test-method> <!-- closeDriver -->
      </class> <!-- testNGslisteners.Assignments.DemoWebShop.TestScript2 -->
    </test> <!-- Test2 -->
    <test started-at="2024-10-29T13:40:06 IST" name="Test3" finished-at="2024-10-29T13:41:08 IST" duration-ms="62721">
      <class name="testNGslisteners.Assignments.DemoWebShop.TestScript3">
        <test-method is-config="true" signature="launchBrowser(java.lang.String)[pri:0, instance:testNGslisteners.Assignments.DemoWebShop.TestScript3@9597028]" started-at="2024-10-29T13:40:34 IST" name="launchBrowser" finished-at="2024-10-29T13:40:42 IST" duration-ms="7997" status="PASS">
          <params>
            <param index="0">
              <value>
                <![CDATA[firefox]]>
              </value>
            </param>
          </params>
          <reporter-output>
          </reporter-output>
        </test-method> <!-- launchBrowser -->
        <test-method is-config="true" signature="login()[pri:0, instance:testNGslisteners.Assignments.DemoWebShop.TestScript3@9597028]" started-at="2024-10-29T13:40:42 IST" name="login" finished-at="2024-10-29T13:40:45 IST" duration-ms="3384" status="PASS">
          <reporter-output>
          </reporter-output>
        </test-method> <!-- login -->
        <test-method signature="clickOnElectronicsLink()[pri:0, instance:testNGslisteners.Assignments.DemoWebShop.TestScript3@9597028]" started-at="2024-10-29T13:40:45 IST" name="clickOnElectronicsLink" description="verify user is able to click on electronics link" finished-at="2024-10-29T13:40:46 IST" duration-ms="1068" status="PASS">
          <reporter-output>
            <line>
              <![CDATA[Electronics page displayed]]>
            </line>
          </reporter-output>
        </test-method> <!-- clickOnElectronicsLink -->
        <test-method is-config="true" signature="logout()[pri:0, instance:testNGslisteners.Assignments.DemoWebShop.TestScript3@9597028]" started-at="2024-10-29T13:40:46 IST" name="logout" finished-at="2024-10-29T13:40:48 IST" duration-ms="1250" status="PASS">
          <reporter-output>
          </reporter-output>
        </test-method> <!-- logout -->
        <test-method is-config="true" signature="closeDriver()[pri:0, instance:testNGslisteners.Assignments.DemoWebShop.TestScript3@9597028]" started-at="2024-10-29T13:40:48 IST" name="closeDriver" finished-at="2024-10-29T13:40:49 IST" duration-ms="1249" status="PASS">
          <reporter-output>
          </reporter-output>
        </test-method> <!-- closeDriver -->
      </class> <!-- testNGslisteners.Assignments.DemoWebShop.TestScript3 -->
      <class name="testNGslisteners.Assignments.DemoWebShop.TestScript4">
        <test-method is-config="true" signature="launchBrowser(java.lang.String)[pri:0, instance:testNGslisteners.Assignments.DemoWebShop.TestScript4@6069db50]" started-at="2024-10-29T13:40:49 IST" name="launchBrowser" finished-at="2024-10-29T13:40:58 IST" duration-ms="8986" status="PASS">
          <params>
            <param index="0">
              <value>
                <![CDATA[firefox]]>
              </value>
            </param>
          </params>
          <reporter-output>
          </reporter-output>
        </test-method> <!-- launchBrowser -->
        <test-method is-config="true" signature="login()[pri:0, instance:testNGslisteners.Assignments.DemoWebShop.TestScript4@6069db50]" started-at="2024-10-29T13:40:58 IST" name="login" finished-at="2024-10-29T13:41:03 IST" duration-ms="5016" status="PASS">
          <reporter-output>
          </reporter-output>
        </test-method> <!-- login -->
        <test-method signature="clickOnElectronicsLink()[pri:0, instance:testNGslisteners.Assignments.DemoWebShop.TestScript4@6069db50]" started-at="2024-10-29T13:41:03 IST" name="clickOnElectronicsLink" description="verify user is able to click on electronics link" finished-at="2024-10-29T13:41:05 IST" duration-ms="1576" status="FAIL">
          <exception class="java.lang.AssertionError">
            <message>
              <![CDATA[Gift Cards page not displayed expected [https://demowebshop.tricentis.com/gift-card] but found [https://demowebshop.tricentis.com/gift-cards]]]>
            </message>
            <full-stacktrace>
              <![CDATA[java.lang.AssertionError: Gift Cards page not displayed expected [https://demowebshop.tricentis.com/gift-card] but found [https://demowebshop.tricentis.com/gift-cards]
at org.testng.Assert.fail(Assert.java:99)
at org.testng.Assert.failNotEquals(Assert.java:1037)
at org.testng.Assert.assertEqualsImpl(Assert.java:140)
at org.testng.Assert.assertEquals(Assert.java:122)
at org.testng.Assert.assertEquals(Assert.java:629)
at testNGslisteners.Assignments.DemoWebShop.TestScript4.clickOnElectronicsLink(TestScript4.java:21)
at java.base/jdk.internal.reflect.DirectMethodHandleAccessor.invoke(DirectMethodHandleAccessor.java:103)
at java.base/java.lang.reflect.Method.invoke(Method.java:580)
at org.testng.internal.MethodInvocationHelper.invokeMethod(MethodInvocationHelper.java:133)
at org.testng.internal.TestInvoker.invokeMethod(TestInvoker.java:598)
at org.testng.internal.TestInvoker.invokeTestMethod(TestInvoker.java:173)
at org.testng.internal.MethodRunner.runInSequence(MethodRunner.java:46)
at org.testng.internal.TestInvoker$MethodInvocationAgent.invoke(TestInvoker.java:824)
at org.testng.internal.TestInvoker.invokeTestMethods(TestInvoker.java:146)
at org.testng.internal.TestMethodWorker.invokeTestMethods(TestMethodWorker.java:146)
at org.testng.internal.TestMethodWorker.run(TestMethodWorker.java:128)
at java.base/java.util.ArrayList.forEach(ArrayList.java:1597)
at org.testng.TestRunner.privateRun(TestRunner.java:794)
at org.testng.TestRunner.run(TestRunner.java:596)
at org.testng.SuiteRunner.runTest(SuiteRunner.java:377)
at org.testng.SuiteRunner.runSequentially(SuiteRunner.java:371)
at org.testng.SuiteRunner.privateRun(SuiteRunner.java:332)
at org.testng.SuiteRunner.run(SuiteRunner.java:276)
at org.testng.SuiteRunnerWorker.runSuite(SuiteRunnerWorker.java:53)
at org.testng.SuiteRunnerWorker.run(SuiteRunnerWorker.java:96)
at org.testng.TestNG.runSuitesSequentially(TestNG.java:1212)
at org.testng.TestNG.runSuitesLocally(TestNG.java:1134)
at org.testng.TestNG.runSuites(TestNG.java:1063)
at org.testng.TestNG.run(TestNG.java:1031)
at org.testng.remote.AbstractRemoteTestNG.run(AbstractRemoteTestNG.java:115)
at org.testng.remote.RemoteTestNG.initAndRun(RemoteTestNG.java:293)
at org.testng.remote.RemoteTestNG.main(RemoteTestNG.java:91)
]]>
            </full-stacktrace>
          </exception> <!-- java.lang.AssertionError -->
          <reporter-output>
            <line>
              <![CDATA[Test Script failed]]>
            </line>
          </reporter-output>
        </test-method> <!-- clickOnElectronicsLink -->
        <test-method is-config="true" signature="logout()[pri:0, instance:testNGslisteners.Assignments.DemoWebShop.TestScript4@6069db50]" started-at="2024-10-29T13:41:05 IST" name="logout" finished-at="2024-10-29T13:41:06 IST" duration-ms="1514" status="PASS">
          <reporter-output>
          </reporter-output>
        </test-method> <!-- logout -->
        <test-method is-config="true" signature="closeDriver()[pri:0, instance:testNGslisteners.Assignments.DemoWebShop.TestScript4@6069db50]" started-at="2024-10-29T13:41:06 IST" name="closeDriver" finished-at="2024-10-29T13:41:08 IST" duration-ms="2100" status="PASS">
          <reporter-output>
          </reporter-output>
        </test-method> <!-- closeDriver -->
      </class> <!-- testNGslisteners.Assignments.DemoWebShop.TestScript4 -->
      <class name="testNGslisteners.Assignments.DemoWebShop.TestScript1">
        <test-method is-config="true" signature="fetchData()[pri:0, instance:testNGslisteners.Assignments.DemoWebShop.TestScript1@223191a6]" started-at="2024-10-29T13:40:06 IST" name="fetchData" finished-at="2024-10-29T13:40:06 IST" duration-ms="69" status="PASS">
          <reporter-output>
          </reporter-output>
        </test-method> <!-- fetchData -->
        <test-method is-config="true" signature="launchBrowser(java.lang.String)[pri:0, instance:testNGslisteners.Assignments.DemoWebShop.TestScript1@223191a6]" started-at="2024-10-29T13:40:06 IST" name="launchBrowser" finished-at="2024-10-29T13:40:13 IST" duration-ms="7571" status="PASS">
          <params>
            <param index="0">
              <value>
                <![CDATA[firefox]]>
              </value>
            </param>
          </params>
          <reporter-output>
          </reporter-output>
        </test-method> <!-- launchBrowser -->
        <test-method is-config="true" signature="login()[pri:0, instance:testNGslisteners.Assignments.DemoWebShop.TestScript1@223191a6]" started-at="2024-10-29T13:40:13 IST" name="login" finished-at="2024-10-29T13:40:17 IST" duration-ms="3157" status="PASS">
          <reporter-output>
          </reporter-output>
        </test-method> <!-- login -->
        <test-method signature="clickOnBooks()[pri:0, instance:testNGslisteners.Assignments.DemoWebShop.TestScript1@223191a6]" started-at="2024-10-29T13:40:17 IST" name="clickOnBooks" description="verify user is able to click on books link" finished-at="2024-10-29T13:40:18 IST" duration-ms="1182" status="PASS">
          <reporter-output>
            <line>
              <![CDATA[Books page displayed]]>
            </line>
          </reporter-output>
        </test-method> <!-- clickOnBooks -->
        <test-method is-config="true" signature="logout()[pri:0, instance:testNGslisteners.Assignments.DemoWebShop.TestScript1@223191a6]" started-at="2024-10-29T13:40:18 IST" name="logout" finished-at="2024-10-29T13:40:19 IST" duration-ms="980" status="PASS">
          <reporter-output>
          </reporter-output>
        </test-method> <!-- logout -->
        <test-method is-config="true" signature="closeDriver()[pri:0, instance:testNGslisteners.Assignments.DemoWebShop.TestScript1@223191a6]" started-at="2024-10-29T13:40:19 IST" name="closeDriver" finished-at="2024-10-29T13:40:20 IST" duration-ms="1227" status="PASS">
          <reporter-output>
          </reporter-output>
        </test-method> <!-- closeDriver -->
        <test-method is-config="true" signature="closeObject()[pri:0, instance:testNGslisteners.Assignments.DemoWebShop.TestScript1@223191a6]" started-at="2024-10-29T13:41:08 IST" name="closeObject" finished-at="2024-10-29T13:41:08 IST" duration-ms="0" status="PASS">
          <reporter-output>
          </reporter-output>
        </test-method> <!-- closeObject -->
      </class> <!-- testNGslisteners.Assignments.DemoWebShop.TestScript1 -->
      <class name="testNGslisteners.Assignments.DemoWebShop.TestScript2">
        <test-method is-config="true" signature="launchBrowser(java.lang.String)[pri:0, instance:testNGslisteners.Assignments.DemoWebShop.TestScript2@49139829]" started-at="2024-10-29T13:40:20 IST" name="launchBrowser" finished-at="2024-10-29T13:40:27 IST" duration-ms="7130" status="PASS">
          <params>
            <param index="0">
              <value>
                <![CDATA[firefox]]>
              </value>
            </param>
          </params>
          <reporter-output>
          </reporter-output>
        </test-method> <!-- launchBrowser -->
        <test-method is-config="true" signature="login()[pri:0, instance:testNGslisteners.Assignments.DemoWebShop.TestScript2@49139829]" started-at="2024-10-29T13:40:27 IST" name="login" finished-at="2024-10-29T13:40:30 IST" duration-ms="3140" status="PASS">
          <reporter-output>
          </reporter-output>
        </test-method> <!-- login -->
        <test-method signature="clickOnComputersLink()[pri:0, instance:testNGslisteners.Assignments.DemoWebShop.TestScript2@49139829]" started-at="2024-10-29T13:40:30 IST" name="clickOnComputersLink" description="verify user is able to click on computers link" finished-at="2024-10-29T13:40:31 IST" duration-ms="1040" status="FAIL">
          <exception class="java.lang.AssertionError">
            <message>
              <![CDATA[Computers page not displayed expected [https://demowebshop.tricentis.com/computer] but found [https://demowebshop.tricentis.com/computers]]]>
            </message>
            <full-stacktrace>
              <![CDATA[java.lang.AssertionError: Computers page not displayed expected [https://demowebshop.tricentis.com/computer] but found [https://demowebshop.tricentis.com/computers]
at org.testng.Assert.fail(Assert.java:99)
at org.testng.Assert.failNotEquals(Assert.java:1037)
at org.testng.Assert.assertEqualsImpl(Assert.java:140)
at org.testng.Assert.assertEquals(Assert.java:122)
at org.testng.Assert.assertEquals(Assert.java:629)
at testNGslisteners.Assignments.DemoWebShop.TestScript2.clickOnComputersLink(TestScript2.java:21)
at java.base/jdk.internal.reflect.DirectMethodHandleAccessor.invoke(DirectMethodHandleAccessor.java:103)
at java.base/java.lang.reflect.Method.invoke(Method.java:580)
at org.testng.internal.MethodInvocationHelper.invokeMethod(MethodInvocationHelper.java:133)
at org.testng.internal.TestInvoker.invokeMethod(TestInvoker.java:598)
at org.testng.internal.TestInvoker.invokeTestMethod(TestInvoker.java:173)
at org.testng.internal.MethodRunner.runInSequence(MethodRunner.java:46)
at org.testng.internal.TestInvoker$MethodInvocationAgent.invoke(TestInvoker.java:824)
at org.testng.internal.TestInvoker.invokeTestMethods(TestInvoker.java:146)
at org.testng.internal.TestMethodWorker.invokeTestMethods(TestMethodWorker.java:146)
at org.testng.internal.TestMethodWorker.run(TestMethodWorker.java:128)
at java.base/java.util.ArrayList.forEach(ArrayList.java:1597)
at org.testng.TestRunner.privateRun(TestRunner.java:794)
at org.testng.TestRunner.run(TestRunner.java:596)
at org.testng.SuiteRunner.runTest(SuiteRunner.java:377)
at org.testng.SuiteRunner.runSequentially(SuiteRunner.java:371)
at org.testng.SuiteRunner.privateRun(SuiteRunner.java:332)
at org.testng.SuiteRunner.run(SuiteRunner.java:276)
at org.testng.SuiteRunnerWorker.runSuite(SuiteRunnerWorker.java:53)
at org.testng.SuiteRunnerWorker.run(SuiteRunnerWorker.java:96)
at org.testng.TestNG.runSuitesSequentially(TestNG.java:1212)
at org.testng.TestNG.runSuitesLocally(TestNG.java:1134)
at org.testng.TestNG.runSuites(TestNG.java:1063)
at org.testng.TestNG.run(TestNG.java:1031)
at org.testng.remote.AbstractRemoteTestNG.run(AbstractRemoteTestNG.java:115)
at org.testng.remote.RemoteTestNG.initAndRun(RemoteTestNG.java:293)
at org.testng.remote.RemoteTestNG.main(RemoteTestNG.java:91)
]]>
            </full-stacktrace>
          </exception> <!-- java.lang.AssertionError -->
          <reporter-output>
            <line>
              <![CDATA[Test Script failed]]>
            </line>
          </reporter-output>
        </test-method> <!-- clickOnComputersLink -->
        <test-method is-config="true" signature="logout()[pri:0, instance:testNGslisteners.Assignments.DemoWebShop.TestScript2@49139829]" started-at="2024-10-29T13:40:31 IST" name="logout" finished-at="2024-10-29T13:40:33 IST" duration-ms="1518" status="PASS">
          <reporter-output>
          </reporter-output>
        </test-method> <!-- logout -->
        <test-method is-config="true" signature="closeDriver()[pri:0, instance:testNGslisteners.Assignments.DemoWebShop.TestScript2@49139829]" started-at="2024-10-29T13:40:33 IST" name="closeDriver" finished-at="2024-10-29T13:40:34 IST" duration-ms="1198" status="PASS">
          <reporter-output>
          </reporter-output>
        </test-method> <!-- closeDriver -->
      </class> <!-- testNGslisteners.Assignments.DemoWebShop.TestScript2 -->
    </test> <!-- Test3 -->
  </suite> <!-- Suite -->
</testng-results>
